<?xml version="1.0" encoding="UTF-8"?>
<testng-results ignored="0" total="1" passed="1" failed="0" skipped="0">
  <reporter-output>
  </reporter-output>
  <suite started-at="2023-03-24T14:14:35 IST" name="Default suite" finished-at="2023-03-24T14:14:35 IST" duration-ms="68">
    <groups>
    </groups>
    <test started-at="2023-03-24T14:14:35 IST" name="Default test" finished-at="2023-03-24T14:14:35 IST" duration-ms="68">
      <class name="practise.Practise">
        <test-method signature="run()[pri:0, instance:practise.Practise@d4342c2]" started-at="2023-03-24T14:14:35 IST" name="run" finished-at="2023-03-24T14:14:35 IST" duration-ms="13" status="PASS">
          <reporter-output>
          </reporter-output>
        </test-method> <!-- run -->
      </class> <!-- practise.Practise -->
    </test> <!-- Default test -->
  </suite> <!-- Default suite -->
</testng-results>
