<?xml version="1.0" encoding="UTF-8"?>
<testng-results ignored="0" total="1" passed="1" failed="0" skipped="0">
  <reporter-output>
  </reporter-output>
  <suite started-at="2023-03-24T14:00:12 IST" name="Default suite" finished-at="2023-03-24T14:00:12 IST" duration-ms="63">
    <groups>
    </groups>
    <test started-at="2023-03-24T14:00:12 IST" name="Default test" finished-at="2023-03-24T14:00:12 IST" duration-ms="63">
      <class name="practise.Practise_2">
        <test-method signature="demon()[pri:0, instance:practise.Practise_2@d4342c2]" started-at="2023-03-24T14:00:12 IST" name="demon" finished-at="2023-03-24T14:00:12 IST" duration-ms="12" status="PASS">
          <reporter-output>
          </reporter-output>
        </test-method> <!-- demon -->
      </class> <!-- practise.Practise_2 -->
    </test> <!-- Default test -->
  </suite> <!-- Default suite -->
</testng-results>
